2017-12-21 16:12:57: 'result': 'f'
2017-12-21 16:12:57: Fail: please check out: Disable
2017-12-21 16:12:43: 'result': 'f'
2017-12-21 16:12:43: Fail: please check out: 1 TB
2017-12-21 16:12:28: 'result': 'f'
2017-12-21 16:12:28: Fail: please check out: Disable
2017-12-21 16:12:15: 'result': 'f'
2017-12-21 16:12:15: Fail: please check out: 1 GB
2017-12-21 16:09:07: 'result': 'f'
2017-12-21 16:09:07: Fail: please check out: Disable
2017-12-21 16:08:55: 'result': 'f'
2017-12-21 16:08:55: Fail: please check out: 1 TB
2017-12-21 16:08:42: 'result': 'f'
2017-12-21 16:08:42: Fail: please check out: Disable
2017-12-21 16:08:30: 'result': 'f'
2017-12-21 16:08:30: Fail: please check out: 1 GB
2017-12-21 16:04:43: 'result': 'f'
2017-12-21 16:04:43: Fail: please check out: 0
2017-12-21 16:04:32: 'result': 'f'
2017-12-21 16:04:32: Fail: please check out: 1
2017-12-21 16:04:19: 'result': 'f'
2017-12-21 16:04:19: Fail: please check out: 0
2017-12-21 16:04:07: 'result': 'f'
2017-12-21 16:04:07: Fail: please check out: 1
